[+] Containers:
 |- [+] Container: /Game/ThirdPerson/Maps/ThirdPersonMap
 |   |- [+] ActorDescs:
 |   |   |- Guid:093A471A42F6F7F54516F5B82E24F08E NativeClass:/Script/Landscape.LandscapeStreamingProxy Name:LandscapeStreamingProxy_0KZ0S8E1WTY5Y1GMTKJ3SBV6D_126_2_1_0 Label:LandscapeStreamingProxy_2_1_0 SpatiallyLoaded:true EditorBounds:IsValid=true, Min=(X=1610.000 Y=828.000 Z=50.000), Max=(X=2492.000 Y=1710.000 Z=309.375) RuntimeBounds:IsValid=true, Min=(X=1610.000 Y=828.000 Z=180.469), Max=(X=2492.000 Y=1710.000 Z=309.375) RuntimeGrid:None EditorOnly:false RuntimeOnly:false HLODRelevant:true ListedInSceneOutliner:true IsMainWorldOnly:false
 |   |   |- Guid:12D39F524844AAE0EF53ABB51A2AE21D NativeClass:/Script/Landscape.LandscapeStreamingProxy Name:LandscapeStreamingProxy_0KZ0S8E1WTY5Y1GMTKJ3SBV6D_126_3_1_0 Label:LandscapeStreamingProxy_3_1_0 SpatiallyLoaded:true EditorBounds:IsValid=true, Min=(X=2492.000 Y=828.000 Z=50.000), Max=(X=3374.000 Y=1710.000 Z=567.969) RuntimeBounds:IsValid=true, Min=(X=2492.000 Y=828.000 Z=114.844), Max=(X=3374.000 Y=1710.000 Z=567.969) RuntimeGrid:None EditorOnly:false RuntimeOnly:false HLODRelevant:true ListedInSceneOutliner:true IsMainWorldOnly:false
 |   |   |- Guid:2FB58999456391D349DC0F86DAC136ED NativeClass:/Script/Engine.SkyLight Name:SkyLight_1 Label:SkyLight SpatiallyLoaded:false EditorBounds:IsValid=true, Min=(X=0.000 Y=0.000 Z=690.000), Max=(X=0.000 Y=0.000 Z=690.000) RuntimeBounds:IsValid=true, Min=(X=0.000 Y=0.000 Z=690.000), Max=(X=0.000 Y=0.000 Z=690.000) RuntimeGrid:None EditorOnly:false RuntimeOnly:false HLODRelevant:false ListedInSceneOutliner:true IsMainWorldOnly:false FolderPath:Lighting FolderGuid:963EC3EB4002CCE9759E2EBA541A873A
 |   |   |- Guid:316CF2A6494ACA4C0E4180A87D36AB8F NativeClass:/Script/Engine.ExponentialHeightFog Name:ExponentialHeightFog_0 Label:ExponentialHeightFog SpatiallyLoaded:false EditorBounds:IsValid=true, Min=(X=-5600.000 Y=-50.000 Z=-6850.000), Max=(X=-5600.000 Y=-50.000 Z=-6850.000) RuntimeBounds:IsValid=true, Min=(X=-5600.000 Y=-50.000 Z=-6850.000), Max=(X=-5600.000 Y=-50.000 Z=-6850.000) RuntimeGrid:None EditorOnly:false RuntimeOnly:false HLODRelevant:false ListedInSceneOutliner:true IsMainWorldOnly:false FolderPath:Lighting FolderGuid:963EC3EB4002CCE9759E2EBA541A873A
 |   |   |- Guid:3A00AA1C422CE54C0BDB60BAF471BFBB NativeClass:/Script/Engine.PlayerStart Name:PlayerStart_0 Label:PlayerStart SpatiallyLoaded:false EditorBounds:IsValid=true, Min=(X=192.000 Y=902.000 Z=74.013), Max=(X=560.000 Y=1158.000 Z=330.013) RuntimeBounds:IsValid=true, Min=(X=280.000 Y=990.000 Z=110.013), Max=(X=360.000 Y=1070.000 Z=294.013) RuntimeGrid:None EditorOnly:false RuntimeOnly:false HLODRelevant:false ListedInSceneOutliner:true IsMainWorldOnly:false
 |   |   |- Guid:4D3BE93F4146AAAC8BBE79999D96D57F NativeClass:/Script/Engine.VolumetricCloud Name:VolumetricCloud_0 Label:VolumetricCloud SpatiallyLoaded:false EditorBounds:IsValid=true, Min=(X=0.000 Y=0.000 Z=820.000), Max=(X=0.000 Y=0.000 Z=820.000) RuntimeBounds:IsValid=true, Min=(X=0.000 Y=0.000 Z=820.000), Max=(X=0.000 Y=0.000 Z=820.000) RuntimeGrid:None EditorOnly:false RuntimeOnly:false HLODRelevant:false ListedInSceneOutliner:true IsMainWorldOnly:false FolderPath:Lighting FolderGuid:963EC3EB4002CCE9759E2EBA541A873A
 |   |   |- Guid:5862BCBA428C645FDF839C90457DD027 NativeClass:/Script/Landscape.LandscapeStreamingProxy Name:LandscapeStreamingProxy_0KZ0S8E1WTY5Y1GMTKJ3SBV6D_126_1_1_0 Label:LandscapeStreamingProxy_1_1_0 SpatiallyLoaded:true EditorBounds:IsValid=true, Min=(X=728.000 Y=828.000 Z=50.000), Max=(X=1610.000 Y=1710.000 Z=226.562) RuntimeBounds:IsValid=true, Min=(X=728.000 Y=828.000 Z=50.000), Max=(X=1610.000 Y=1710.000 Z=226.562) RuntimeGrid:None EditorOnly:false RuntimeOnly:false HLODRelevant:true ListedInSceneOutliner:true IsMainWorldOnly:false
 |   |   |- Guid:5E3A22384D8A81BF9E07C29D6F33B0B6 NativeClass:/Script/Landscape.Landscape Name:Landscape_UAID_BCFCE790043974C802_1636807112 Label:Landscape SpatiallyLoaded:false EditorBounds:IsValid=true, Min=(X=-154.000 Y=-54.000 Z=50.000), Max=(X=-154.000 Y=-54.000 Z=50.000) RuntimeBounds:IsValid=true, Min=(X=-154.000 Y=-54.000 Z=50.000), Max=(X=-154.000 Y=-54.000 Z=50.000) RuntimeGrid:None EditorOnly:false RuntimeOnly:false HLODRelevant:false ListedInSceneOutliner:true IsMainWorldOnly:false
 |   |   |- Guid:61A53FC840E9C3177AB406BBC6D8D1DB NativeClass:/Script/Landscape.LandscapeStreamingProxy Name:LandscapeStreamingProxy_0KZ0S8E1WTY5Y1GMTKJ3SBV6D_126_0_0_0 Label:LandscapeStreamingProxy_0_0_0 SpatiallyLoaded:true EditorBounds:IsValid=true, Min=(X=-154.000 Y=-54.000 Z=-50.000), Max=(X=728.000 Y=828.000 Z=150.000) RuntimeBounds:IsValid=true, Min=(X=-154.000 Y=-54.000 Z=-50.000), Max=(X=728.000 Y=828.000 Z=150.000) RuntimeGrid:None EditorOnly:false RuntimeOnly:false HLODRelevant:true ListedInSceneOutliner:true IsMainWorldOnly:false
 |   |   |- Guid:6BAF4DDD444C60371492D3919DB42C97 NativeClass:/Script/Engine.WorldDataLayers Name:WorldDataLayers Label:WorldDataLayers SpatiallyLoaded:false EditorBounds:IsValid=true, Min=(X=0.000 Y=0.000 Z=0.000), Max=(X=0.000 Y=0.000 Z=0.000) RuntimeBounds:IsValid=true, Min=(X=0.000 Y=0.000 Z=0.000), Max=(X=0.000 Y=0.000 Z=0.000) RuntimeGrid:None EditorOnly:false RuntimeOnly:false HLODRelevant:false ListedInSceneOutliner:true IsMainWorldOnly:true
 |   |   |- Guid:6E64522A465D9F6A50CBE085634A20D1 NativeClass:/Script/Landscape.LandscapeStreamingProxy Name:LandscapeStreamingProxy_0KZ0S8E1WTY5Y1GMTKJ3SBV6D_126_0_3_0 Label:LandscapeStreamingProxy_0_3_0 SpatiallyLoaded:true EditorBounds:IsValid=true, Min=(X=-154.000 Y=2592.000 Z=50.000), Max=(X=728.000 Y=3474.000 Z=260.156) RuntimeBounds:IsValid=true, Min=(X=-154.000 Y=2592.000 Z=59.375), Max=(X=728.000 Y=3474.000 Z=260.156) RuntimeGrid:None EditorOnly:false RuntimeOnly:false HLODRelevant:true ListedInSceneOutliner:true IsMainWorldOnly:false
 |   |   |- Guid:749F50ED4CC6518BEF1F008F09D97370 NativeClass:/Script/Landscape.LandscapeStreamingProxy Name:LandscapeStreamingProxy_0KZ0S8E1WTY5Y1GMTKJ3SBV6D_126_2_0_0 Label:LandscapeStreamingProxy_2_0_0 SpatiallyLoaded:true EditorBounds:IsValid=true, Min=(X=1610.000 Y=-54.000 Z=50.000), Max=(X=2492.000 Y=828.000 Z=357.812) RuntimeBounds:IsValid=true, Min=(X=1610.000 Y=-54.000 Z=114.844), Max=(X=2492.000 Y=828.000 Z=357.812) RuntimeGrid:None EditorOnly:false RuntimeOnly:false HLODRelevant:true ListedInSceneOutliner:true IsMainWorldOnly:false
 |   |   |- Guid:74C9D4F045B49876EEEAE5A05F411296 NativeClass:/Script/Engine.StaticMeshActor Name:StaticMeshActor_UAID_BCFCE790043977C802_2024348641 Label:medieval_houses_10 SpatiallyLoaded:true EditorBounds:IsValid=true, Min=(X=2300.000 Y=2500.000 Z=290.000), Max=(X=2300.000 Y=2500.000 Z=290.000) RuntimeBounds:IsValid=true, Min=(X=2300.000 Y=2500.000 Z=290.000), Max=(X=2300.000 Y=2500.000 Z=290.000) RuntimeGrid:None EditorOnly:false RuntimeOnly:false HLODRelevant:false ListedInSceneOutliner:true IsMainWorldOnly:false
 |   |   |- Guid:83E73E1F4FCD6269E59A32B337195F4D NativeClass:/Script/Landscape.LandscapeStreamingProxy Name:LandscapeStreamingProxy_0KZ0S8E1WTY5Y1GMTKJ3SBV6D_126_3_3_0 Label:LandscapeStreamingProxy_3_3_0 SpatiallyLoaded:true EditorBounds:IsValid=true, Min=(X=2492.000 Y=2592.000 Z=50.000), Max=(X=3374.000 Y=3474.000 Z=458.594) RuntimeBounds:IsValid=true, Min=(X=2492.000 Y=2592.000 Z=147.656), Max=(X=3374.000 Y=3474.000 Z=458.594) RuntimeGrid:None EditorOnly:false RuntimeOnly:false HLODRelevant:true ListedInSceneOutliner:true IsMainWorldOnly:false
 |   |   |- Guid:9561ED094A8C8BBDAA45628C42FB45A1 NativeClass:/Script/Landscape.LandscapeStreamingProxy Name:LandscapeStreamingProxy_0KZ0S8E1WTY5Y1GMTKJ3SBV6D_126_3_2_0 Label:LandscapeStreamingProxy_3_2_0 SpatiallyLoaded:true EditorBounds:IsValid=true, Min=(X=2492.000 Y=1710.000 Z=50.000), Max=(X=3374.000 Y=2592.000 Z=564.062) RuntimeBounds:IsValid=true, Min=(X=2492.000 Y=1710.000 Z=169.531), Max=(X=3374.000 Y=2592.000 Z=564.062) RuntimeGrid:None EditorOnly:false RuntimeOnly:false HLODRelevant:true ListedInSceneOutliner:true IsMainWorldOnly:false
 |   |   |- Guid:B29971F64551B0414EE90F9893ABCC1E NativeClass:/Script/Engine.StaticMeshActor Name:StaticMeshActor_UAID_BCFCE790043978C802_2073825818 Label:medieval_tent SpatiallyLoaded:true EditorBounds:IsValid=true, Min=(X=445.569 Y=-182.074 Z=-8.402), Max=(X=1224.745 Y=590.994 Z=363.026) RuntimeBounds:IsValid=true, Min=(X=445.569 Y=-182.074 Z=-8.402), Max=(X=1224.745 Y=590.994 Z=363.026) RuntimeGrid:None EditorOnly:false RuntimeOnly:false HLODRelevant:true ListedInSceneOutliner:true IsMainWorldOnly:false
 |   |   |- Guid:B55455324E94B77567C5D6967ECD37E7 NativeClass:/Script/Landscape.LandscapeStreamingProxy Name:LandscapeStreamingProxy_0KZ0S8E1WTY5Y1GMTKJ3SBV6D_126_0_2_0 Label:LandscapeStreamingProxy_0_2_0 SpatiallyLoaded:true EditorBounds:IsValid=true, Min=(X=-154.000 Y=1710.000 Z=50.000), Max=(X=728.000 Y=2592.000 Z=242.969) RuntimeBounds:IsValid=true, Min=(X=-154.000 Y=1710.000 Z=50.000), Max=(X=728.000 Y=2592.000 Z=242.969) RuntimeGrid:None EditorOnly:false RuntimeOnly:false HLODRelevant:true ListedInSceneOutliner:true IsMainWorldOnly:false
 |   |   |- Guid:B785ED2844B84CFB91E7F39FE661CD99 NativeClass:/Script/Engine.DirectionalLight Name:DirectionalLight_0 Label:DirectionalLight SpatiallyLoaded:false EditorBounds:IsValid=true, Min=(X=-1048576.000 Y=-1048576.000 Z=-1048576.000), Max=(X=1048576.000 Y=1048576.000 Z=1048576.000) RuntimeBounds:IsValid=true, Min=(X=-1048576.000 Y=-1048576.000 Z=-1048576.000), Max=(X=1048576.000 Y=1048576.000 Z=1048576.000) RuntimeGrid:None EditorOnly:false RuntimeOnly:false HLODRelevant:false ListedInSceneOutliner:true IsMainWorldOnly:false FolderPath:Lighting FolderGuid:963EC3EB4002CCE9759E2EBA541A873A
 |   |   |- Guid:BAB1AE474B59470395FFCAA60D29FE3D NativeClass:/Script/Landscape.LandscapeStreamingProxy Name:LandscapeStreamingProxy_0KZ0S8E1WTY5Y1GMTKJ3SBV6D_126_3_0_0 Label:LandscapeStreamingProxy_3_0_0 SpatiallyLoaded:true EditorBounds:IsValid=true, Min=(X=2492.000 Y=-54.000 Z=50.000), Max=(X=3374.000 Y=828.000 Z=628.906) RuntimeBounds:IsValid=true, Min=(X=2492.000 Y=-54.000 Z=199.219), Max=(X=3374.000 Y=828.000 Z=628.906) RuntimeGrid:None EditorOnly:false RuntimeOnly:false HLODRelevant:true ListedInSceneOutliner:true IsMainWorldOnly:false
 |   |   |- Guid:CCFF262C46EEFFDF319E7F9539CE697E NativeClass:/Script/Engine.SkyAtmosphere Name:SkyAtmosphere_0 Label:SkyAtmosphere SpatiallyLoaded:false EditorBounds:IsValid=true, Min=(X=0.000 Y=0.000 Z=1020.000), Max=(X=0.000 Y=0.000 Z=1020.000) RuntimeBounds:IsValid=true, Min=(X=0.000 Y=0.000 Z=1020.000), Max=(X=0.000 Y=0.000 Z=1020.000) RuntimeGrid:None EditorOnly:false RuntimeOnly:false HLODRelevant:false ListedInSceneOutliner:true IsMainWorldOnly:false FolderPath:Lighting FolderGuid:963EC3EB4002CCE9759E2EBA541A873A
 |   |   |- Guid:D511840C446FE84E37A53E90B401D7AF NativeClass:/Script/Landscape.LandscapeStreamingProxy Name:LandscapeStreamingProxy_0KZ0S8E1WTY5Y1GMTKJ3SBV6D_126_2_2_0 Label:LandscapeStreamingProxy_2_2_0 SpatiallyLoaded:true EditorBounds:IsValid=true, Min=(X=1610.000 Y=1710.000 Z=50.000), Max=(X=2492.000 Y=2592.000 Z=309.375) RuntimeBounds:IsValid=true, Min=(X=1610.000 Y=1710.000 Z=213.281), Max=(X=2492.000 Y=2592.000 Z=309.375) RuntimeGrid:None EditorOnly:false RuntimeOnly:false HLODRelevant:true ListedInSceneOutliner:true IsMainWorldOnly:false
 |   |   |- Guid:D80B433642348108B79A62B56DDF2201 NativeClass:/Script/Landscape.LandscapeStreamingProxy Name:LandscapeStreamingProxy_0KZ0S8E1WTY5Y1GMTKJ3SBV6D_126_1_3_0 Label:LandscapeStreamingProxy_1_3_0 SpatiallyLoaded:true EditorBounds:IsValid=true, Min=(X=728.000 Y=2592.000 Z=50.000), Max=(X=1610.000 Y=3474.000 Z=375.781) RuntimeBounds:IsValid=true, Min=(X=728.000 Y=2592.000 Z=185.156), Max=(X=1610.000 Y=3474.000 Z=375.781) RuntimeGrid:None EditorOnly:false RuntimeOnly:false HLODRelevant:true ListedInSceneOutliner:true IsMainWorldOnly:false
 |   |   |- Guid:DF063F2648922C9FA9D4579A289F4834 NativeClass:/Script/Landscape.LandscapeStreamingProxy Name:LandscapeStreamingProxy_0KZ0S8E1WTY5Y1GMTKJ3SBV6D_126_0_1_0 Label:LandscapeStreamingProxy_0_1_0 SpatiallyLoaded:true EditorBounds:IsValid=true, Min=(X=-154.000 Y=828.000 Z=-50.000), Max=(X=728.000 Y=1710.000 Z=150.000) RuntimeBounds:IsValid=true, Min=(X=-154.000 Y=828.000 Z=-50.000), Max=(X=728.000 Y=1710.000 Z=150.000) RuntimeGrid:None EditorOnly:false RuntimeOnly:false HLODRelevant:true ListedInSceneOutliner:true IsMainWorldOnly:false
 |   |   |- Guid:E296DA56432F606F07AE25829AE04998 NativeClass:/Script/Landscape.LandscapeStreamingProxy Name:LandscapeStreamingProxy_0KZ0S8E1WTY5Y1GMTKJ3SBV6D_126_2_3_0 Label:LandscapeStreamingProxy_2_3_0 SpatiallyLoaded:true EditorBounds:IsValid=true, Min=(X=1610.000 Y=2592.000 Z=50.000), Max=(X=2492.000 Y=3474.000 Z=442.969) RuntimeBounds:IsValid=true, Min=(X=1610.000 Y=2592.000 Z=188.281), Max=(X=2492.000 Y=3474.000 Z=442.969) RuntimeGrid:None EditorOnly:false RuntimeOnly:false HLODRelevant:true ListedInSceneOutliner:true IsMainWorldOnly:false
 |   |   |- Guid:EC4E0C944CE6AC6E784BC6BB2916EA13 NativeClass:/Script/Engine.StaticMeshActor Name:StaticMeshActor_UAID_A4AE111137DC5EFB00_1110535423 Label:SM_SkySphere SpatiallyLoaded:false EditorBounds:IsValid=true, Min=(X=-1638400.000 Y=-1638400.000 Z=-1638400.000), Max=(X=1638400.000 Y=1638400.000 Z=1638400.000) RuntimeBounds:IsValid=true, Min=(X=-1638400.000 Y=-1638400.000 Z=-1638400.000), Max=(X=1638400.000 Y=1638400.000 Z=1638400.000) RuntimeGrid:None EditorOnly:false RuntimeOnly:false HLODRelevant:true ListedInSceneOutliner:true IsMainWorldOnly:false FolderPath:Lighting FolderGuid:963EC3EB4002CCE9759E2EBA541A873A
 |   |   |- Guid:EECC7ED444332515725D1BAF315FA0CE NativeClass:/Script/Landscape.LandscapeStreamingProxy Name:LandscapeStreamingProxy_0KZ0S8E1WTY5Y1GMTKJ3SBV6D_126_1_0_0 Label:LandscapeStreamingProxy_1_0_0 SpatiallyLoaded:true EditorBounds:IsValid=true, Min=(X=728.000 Y=-54.000 Z=50.000), Max=(X=1610.000 Y=828.000 Z=275.781) RuntimeBounds:IsValid=true, Min=(X=728.000 Y=-54.000 Z=50.000), Max=(X=1610.000 Y=828.000 Z=275.781) RuntimeGrid:None EditorOnly:false RuntimeOnly:false HLODRelevant:true ListedInSceneOutliner:true IsMainWorldOnly:false
 |   |   |- Guid:F1924B8D48954B30891B2DB6A694F9CC NativeClass:/Script/Engine.StaticMeshActor Name:StaticMeshActor_1 Label:SM_Cube SpatiallyLoaded:true EditorBounds:IsValid=true, Min=(X=0.000 Y=0.000 Z=-50.000), Max=(X=3000.000 Y=3500.000 Z=0.000) RuntimeBounds:IsValid=true, Min=(X=0.000 Y=0.000 Z=-50.000), Max=(X=3000.000 Y=3500.000 Z=0.000) RuntimeGrid:None EditorOnly:false RuntimeOnly:false HLODRelevant:true ListedInSceneOutliner:true IsMainWorldOnly:false FolderPath:Playground FolderGuid:C73F09FC4215536B1DCE2A9E0A830C70
 |   |   |- Guid:F5E3FEB3450C49844FD93DA8E083C8AD NativeClass:/Script/Engine.PostProcessVolume Name:PostProcessVolume_0 Label:PostProcessVolume SpatiallyLoaded:false EditorBounds:IsValid=true, Min=(X=0.000 Y=0.000 Z=400.000), Max=(X=200.000 Y=200.000 Z=600.000) RuntimeBounds:IsValid=true, Min=(X=0.000 Y=0.000 Z=400.000), Max=(X=200.000 Y=200.000 Z=600.000) RuntimeGrid:None EditorOnly:false RuntimeOnly:false HLODRelevant:false ListedInSceneOutliner:true IsMainWorldOnly:false FolderPath:Lighting FolderGuid:963EC3EB4002CCE9759E2EBA541A873A
 |   |   |- Guid:FFD1C8184CF35C7A1D38ECA44B3A2DBB NativeClass:/Script/Landscape.LandscapeStreamingProxy Name:LandscapeStreamingProxy_0KZ0S8E1WTY5Y1GMTKJ3SBV6D_126_1_2_0 Label:LandscapeStreamingProxy_1_2_0 SpatiallyLoaded:true EditorBounds:IsValid=true, Min=(X=728.000 Y=1710.000 Z=50.000), Max=(X=1610.000 Y=2592.000 Z=246.875) RuntimeBounds:IsValid=true, Min=(X=728.000 Y=1710.000 Z=114.062), Max=(X=1610.000 Y=2592.000 Z=246.875) RuntimeGrid:None EditorOnly:false RuntimeOnly:false HLODRelevant:true ListedInSceneOutliner:true IsMainWorldOnly:false
 |   |- [+] Clusters:
 |   |   |- [+] [  0]
 |   |   |   |- Guid:093A471A42F6F7F54516F5B82E24F08E NativeClass:/Script/Landscape.LandscapeStreamingProxy Name:LandscapeStreamingProxy_0KZ0S8E1WTY5Y1GMTKJ3SBV6D_126_2_1_0 Label:LandscapeStreamingProxy_2_1_0 SpatiallyLoaded:true EditorBounds:IsValid=true, Min=(X=1610.000 Y=828.000 Z=50.000), Max=(X=2492.000 Y=1710.000 Z=309.375) RuntimeBounds:IsValid=true, Min=(X=1610.000 Y=828.000 Z=180.469), Max=(X=2492.000 Y=1710.000 Z=309.375) RuntimeGrid:None EditorOnly:false RuntimeOnly:false HLODRelevant:true ListedInSceneOutliner:true IsMainWorldOnly:false
 |   |   |- [+] [  1]
 |   |   |   |- Guid:12D39F524844AAE0EF53ABB51A2AE21D NativeClass:/Script/Landscape.LandscapeStreamingProxy Name:LandscapeStreamingProxy_0KZ0S8E1WTY5Y1GMTKJ3SBV6D_126_3_1_0 Label:LandscapeStreamingProxy_3_1_0 SpatiallyLoaded:true EditorBounds:IsValid=true, Min=(X=2492.000 Y=828.000 Z=50.000), Max=(X=3374.000 Y=1710.000 Z=567.969) RuntimeBounds:IsValid=true, Min=(X=2492.000 Y=828.000 Z=114.844), Max=(X=3374.000 Y=1710.000 Z=567.969) RuntimeGrid:None EditorOnly:false RuntimeOnly:false HLODRelevant:true ListedInSceneOutliner:true IsMainWorldOnly:false
 |   |   |- [+] [  2]
 |   |   |   |- Guid:2FB58999456391D349DC0F86DAC136ED NativeClass:/Script/Engine.SkyLight Name:SkyLight_1 Label:SkyLight SpatiallyLoaded:false EditorBounds:IsValid=true, Min=(X=0.000 Y=0.000 Z=690.000), Max=(X=0.000 Y=0.000 Z=690.000) RuntimeBounds:IsValid=true, Min=(X=0.000 Y=0.000 Z=690.000), Max=(X=0.000 Y=0.000 Z=690.000) RuntimeGrid:None EditorOnly:false RuntimeOnly:false HLODRelevant:false ListedInSceneOutliner:true IsMainWorldOnly:false FolderPath:Lighting FolderGuid:963EC3EB4002CCE9759E2EBA541A873A
 |   |   |- [+] [  3]
 |   |   |   |- Guid:316CF2A6494ACA4C0E4180A87D36AB8F NativeClass:/Script/Engine.ExponentialHeightFog Name:ExponentialHeightFog_0 Label:ExponentialHeightFog SpatiallyLoaded:false EditorBounds:IsValid=true, Min=(X=-5600.000 Y=-50.000 Z=-6850.000), Max=(X=-5600.000 Y=-50.000 Z=-6850.000) RuntimeBounds:IsValid=true, Min=(X=-5600.000 Y=-50.000 Z=-6850.000), Max=(X=-5600.000 Y=-50.000 Z=-6850.000) RuntimeGrid:None EditorOnly:false RuntimeOnly:false HLODRelevant:false ListedInSceneOutliner:true IsMainWorldOnly:false FolderPath:Lighting FolderGuid:963EC3EB4002CCE9759E2EBA541A873A
 |   |   |- [+] [  4]
 |   |   |   |- Guid:3A00AA1C422CE54C0BDB60BAF471BFBB NativeClass:/Script/Engine.PlayerStart Name:PlayerStart_0 Label:PlayerStart SpatiallyLoaded:false EditorBounds:IsValid=true, Min=(X=192.000 Y=902.000 Z=74.013), Max=(X=560.000 Y=1158.000 Z=330.013) RuntimeBounds:IsValid=true, Min=(X=280.000 Y=990.000 Z=110.013), Max=(X=360.000 Y=1070.000 Z=294.013) RuntimeGrid:None EditorOnly:false RuntimeOnly:false HLODRelevant:false ListedInSceneOutliner:true IsMainWorldOnly:false
 |   |   |- [+] [  5]
 |   |   |   |- Guid:4D3BE93F4146AAAC8BBE79999D96D57F NativeClass:/Script/Engine.VolumetricCloud Name:VolumetricCloud_0 Label:VolumetricCloud SpatiallyLoaded:false EditorBounds:IsValid=true, Min=(X=0.000 Y=0.000 Z=820.000), Max=(X=0.000 Y=0.000 Z=820.000) RuntimeBounds:IsValid=true, Min=(X=0.000 Y=0.000 Z=820.000), Max=(X=0.000 Y=0.000 Z=820.000) RuntimeGrid:None EditorOnly:false RuntimeOnly:false HLODRelevant:false ListedInSceneOutliner:true IsMainWorldOnly:false FolderPath:Lighting FolderGuid:963EC3EB4002CCE9759E2EBA541A873A
 |   |   |- [+] [  6]
 |   |   |   |- Guid:5862BCBA428C645FDF839C90457DD027 NativeClass:/Script/Landscape.LandscapeStreamingProxy Name:LandscapeStreamingProxy_0KZ0S8E1WTY5Y1GMTKJ3SBV6D_126_1_1_0 Label:LandscapeStreamingProxy_1_1_0 SpatiallyLoaded:true EditorBounds:IsValid=true, Min=(X=728.000 Y=828.000 Z=50.000), Max=(X=1610.000 Y=1710.000 Z=226.562) RuntimeBounds:IsValid=true, Min=(X=728.000 Y=828.000 Z=50.000), Max=(X=1610.000 Y=1710.000 Z=226.562) RuntimeGrid:None EditorOnly:false RuntimeOnly:false HLODRelevant:true ListedInSceneOutliner:true IsMainWorldOnly:false
 |   |   |- [+] [  7]
 |   |   |   |- Guid:5E3A22384D8A81BF9E07C29D6F33B0B6 NativeClass:/Script/Landscape.Landscape Name:Landscape_UAID_BCFCE790043974C802_1636807112 Label:Landscape SpatiallyLoaded:false EditorBounds:IsValid=true, Min=(X=-154.000 Y=-54.000 Z=50.000), Max=(X=-154.000 Y=-54.000 Z=50.000) RuntimeBounds:IsValid=true, Min=(X=-154.000 Y=-54.000 Z=50.000), Max=(X=-154.000 Y=-54.000 Z=50.000) RuntimeGrid:None EditorOnly:false RuntimeOnly:false HLODRelevant:false ListedInSceneOutliner:true IsMainWorldOnly:false
 |   |   |- [+] [  8]
 |   |   |   |- Guid:61A53FC840E9C3177AB406BBC6D8D1DB NativeClass:/Script/Landscape.LandscapeStreamingProxy Name:LandscapeStreamingProxy_0KZ0S8E1WTY5Y1GMTKJ3SBV6D_126_0_0_0 Label:LandscapeStreamingProxy_0_0_0 SpatiallyLoaded:true EditorBounds:IsValid=true, Min=(X=-154.000 Y=-54.000 Z=-50.000), Max=(X=728.000 Y=828.000 Z=150.000) RuntimeBounds:IsValid=true, Min=(X=-154.000 Y=-54.000 Z=-50.000), Max=(X=728.000 Y=828.000 Z=150.000) RuntimeGrid:None EditorOnly:false RuntimeOnly:false HLODRelevant:true ListedInSceneOutliner:true IsMainWorldOnly:false
 |   |   |- [+] [  9]
 |   |   |   |- Guid:6BAF4DDD444C60371492D3919DB42C97 NativeClass:/Script/Engine.WorldDataLayers Name:WorldDataLayers Label:WorldDataLayers SpatiallyLoaded:false EditorBounds:IsValid=true, Min=(X=0.000 Y=0.000 Z=0.000), Max=(X=0.000 Y=0.000 Z=0.000) RuntimeBounds:IsValid=true, Min=(X=0.000 Y=0.000 Z=0.000), Max=(X=0.000 Y=0.000 Z=0.000) RuntimeGrid:None EditorOnly:false RuntimeOnly:false HLODRelevant:false ListedInSceneOutliner:true IsMainWorldOnly:true
 |   |   |- [+] [ 10]
 |   |   |   |- Guid:6E64522A465D9F6A50CBE085634A20D1 NativeClass:/Script/Landscape.LandscapeStreamingProxy Name:LandscapeStreamingProxy_0KZ0S8E1WTY5Y1GMTKJ3SBV6D_126_0_3_0 Label:LandscapeStreamingProxy_0_3_0 SpatiallyLoaded:true EditorBounds:IsValid=true, Min=(X=-154.000 Y=2592.000 Z=50.000), Max=(X=728.000 Y=3474.000 Z=260.156) RuntimeBounds:IsValid=true, Min=(X=-154.000 Y=2592.000 Z=59.375), Max=(X=728.000 Y=3474.000 Z=260.156) RuntimeGrid:None EditorOnly:false RuntimeOnly:false HLODRelevant:true ListedInSceneOutliner:true IsMainWorldOnly:false
 |   |   |- [+] [ 11]
 |   |   |   |- Guid:749F50ED4CC6518BEF1F008F09D97370 NativeClass:/Script/Landscape.LandscapeStreamingProxy Name:LandscapeStreamingProxy_0KZ0S8E1WTY5Y1GMTKJ3SBV6D_126_2_0_0 Label:LandscapeStreamingProxy_2_0_0 SpatiallyLoaded:true EditorBounds:IsValid=true, Min=(X=1610.000 Y=-54.000 Z=50.000), Max=(X=2492.000 Y=828.000 Z=357.812) RuntimeBounds:IsValid=true, Min=(X=1610.000 Y=-54.000 Z=114.844), Max=(X=2492.000 Y=828.000 Z=357.812) RuntimeGrid:None EditorOnly:false RuntimeOnly:false HLODRelevant:true ListedInSceneOutliner:true IsMainWorldOnly:false
 |   |   |- [+] [ 12]
 |   |   |   |- Guid:74C9D4F045B49876EEEAE5A05F411296 NativeClass:/Script/Engine.StaticMeshActor Name:StaticMeshActor_UAID_BCFCE790043977C802_2024348641 Label:medieval_houses_10 SpatiallyLoaded:true EditorBounds:IsValid=true, Min=(X=2300.000 Y=2500.000 Z=290.000), Max=(X=2300.000 Y=2500.000 Z=290.000) RuntimeBounds:IsValid=true, Min=(X=2300.000 Y=2500.000 Z=290.000), Max=(X=2300.000 Y=2500.000 Z=290.000) RuntimeGrid:None EditorOnly:false RuntimeOnly:false HLODRelevant:false ListedInSceneOutliner:true IsMainWorldOnly:false
 |   |   |- [+] [ 13]
 |   |   |   |- Guid:83E73E1F4FCD6269E59A32B337195F4D NativeClass:/Script/Landscape.LandscapeStreamingProxy Name:LandscapeStreamingProxy_0KZ0S8E1WTY5Y1GMTKJ3SBV6D_126_3_3_0 Label:LandscapeStreamingProxy_3_3_0 SpatiallyLoaded:true EditorBounds:IsValid=true, Min=(X=2492.000 Y=2592.000 Z=50.000), Max=(X=3374.000 Y=3474.000 Z=458.594) RuntimeBounds:IsValid=true, Min=(X=2492.000 Y=2592.000 Z=147.656), Max=(X=3374.000 Y=3474.000 Z=458.594) RuntimeGrid:None EditorOnly:false RuntimeOnly:false HLODRelevant:true ListedInSceneOutliner:true IsMainWorldOnly:false
 |   |   |- [+] [ 14]
 |   |   |   |- Guid:9561ED094A8C8BBDAA45628C42FB45A1 NativeClass:/Script/Landscape.LandscapeStreamingProxy Name:LandscapeStreamingProxy_0KZ0S8E1WTY5Y1GMTKJ3SBV6D_126_3_2_0 Label:LandscapeStreamingProxy_3_2_0 SpatiallyLoaded:true EditorBounds:IsValid=true, Min=(X=2492.000 Y=1710.000 Z=50.000), Max=(X=3374.000 Y=2592.000 Z=564.062) RuntimeBounds:IsValid=true, Min=(X=2492.000 Y=1710.000 Z=169.531), Max=(X=3374.000 Y=2592.000 Z=564.062) RuntimeGrid:None EditorOnly:false RuntimeOnly:false HLODRelevant:true ListedInSceneOutliner:true IsMainWorldOnly:false
 |   |   |- [+] [ 15]
 |   |   |   |- Guid:B29971F64551B0414EE90F9893ABCC1E NativeClass:/Script/Engine.StaticMeshActor Name:StaticMeshActor_UAID_BCFCE790043978C802_2073825818 Label:medieval_tent SpatiallyLoaded:true EditorBounds:IsValid=true, Min=(X=445.569 Y=-182.074 Z=-8.402), Max=(X=1224.745 Y=590.994 Z=363.026) RuntimeBounds:IsValid=true, Min=(X=445.569 Y=-182.074 Z=-8.402), Max=(X=1224.745 Y=590.994 Z=363.026) RuntimeGrid:None EditorOnly:false RuntimeOnly:false HLODRelevant:true ListedInSceneOutliner:true IsMainWorldOnly:false
 |   |   |- [+] [ 16]
 |   |   |   |- Guid:B55455324E94B77567C5D6967ECD37E7 NativeClass:/Script/Landscape.LandscapeStreamingProxy Name:LandscapeStreamingProxy_0KZ0S8E1WTY5Y1GMTKJ3SBV6D_126_0_2_0 Label:LandscapeStreamingProxy_0_2_0 SpatiallyLoaded:true EditorBounds:IsValid=true, Min=(X=-154.000 Y=1710.000 Z=50.000), Max=(X=728.000 Y=2592.000 Z=242.969) RuntimeBounds:IsValid=true, Min=(X=-154.000 Y=1710.000 Z=50.000), Max=(X=728.000 Y=2592.000 Z=242.969) RuntimeGrid:None EditorOnly:false RuntimeOnly:false HLODRelevant:true ListedInSceneOutliner:true IsMainWorldOnly:false
 |   |   |- [+] [ 17]
 |   |   |   |- Guid:B785ED2844B84CFB91E7F39FE661CD99 NativeClass:/Script/Engine.DirectionalLight Name:DirectionalLight_0 Label:DirectionalLight SpatiallyLoaded:false EditorBounds:IsValid=true, Min=(X=-1048576.000 Y=-1048576.000 Z=-1048576.000), Max=(X=1048576.000 Y=1048576.000 Z=1048576.000) RuntimeBounds:IsValid=true, Min=(X=-1048576.000 Y=-1048576.000 Z=-1048576.000), Max=(X=1048576.000 Y=1048576.000 Z=1048576.000) RuntimeGrid:None EditorOnly:false RuntimeOnly:false HLODRelevant:false ListedInSceneOutliner:true IsMainWorldOnly:false FolderPath:Lighting FolderGuid:963EC3EB4002CCE9759E2EBA541A873A
 |   |   |- [+] [ 18]
 |   |   |   |- Guid:BAB1AE474B59470395FFCAA60D29FE3D NativeClass:/Script/Landscape.LandscapeStreamingProxy Name:LandscapeStreamingProxy_0KZ0S8E1WTY5Y1GMTKJ3SBV6D_126_3_0_0 Label:LandscapeStreamingProxy_3_0_0 SpatiallyLoaded:true EditorBounds:IsValid=true, Min=(X=2492.000 Y=-54.000 Z=50.000), Max=(X=3374.000 Y=828.000 Z=628.906) RuntimeBounds:IsValid=true, Min=(X=2492.000 Y=-54.000 Z=199.219), Max=(X=3374.000 Y=828.000 Z=628.906) RuntimeGrid:None EditorOnly:false RuntimeOnly:false HLODRelevant:true ListedInSceneOutliner:true IsMainWorldOnly:false
 |   |   |- [+] [ 19]
 |   |   |   |- Guid:CCFF262C46EEFFDF319E7F9539CE697E NativeClass:/Script/Engine.SkyAtmosphere Name:SkyAtmosphere_0 Label:SkyAtmosphere SpatiallyLoaded:false EditorBounds:IsValid=true, Min=(X=0.000 Y=0.000 Z=1020.000), Max=(X=0.000 Y=0.000 Z=1020.000) RuntimeBounds:IsValid=true, Min=(X=0.000 Y=0.000 Z=1020.000), Max=(X=0.000 Y=0.000 Z=1020.000) RuntimeGrid:None EditorOnly:false RuntimeOnly:false HLODRelevant:false ListedInSceneOutliner:true IsMainWorldOnly:false FolderPath:Lighting FolderGuid:963EC3EB4002CCE9759E2EBA541A873A
 |   |   |- [+] [ 20]
 |   |   |   |- Guid:D511840C446FE84E37A53E90B401D7AF NativeClass:/Script/Landscape.LandscapeStreamingProxy Name:LandscapeStreamingProxy_0KZ0S8E1WTY5Y1GMTKJ3SBV6D_126_2_2_0 Label:LandscapeStreamingProxy_2_2_0 SpatiallyLoaded:true EditorBounds:IsValid=true, Min=(X=1610.000 Y=1710.000 Z=50.000), Max=(X=2492.000 Y=2592.000 Z=309.375) RuntimeBounds:IsValid=true, Min=(X=1610.000 Y=1710.000 Z=213.281), Max=(X=2492.000 Y=2592.000 Z=309.375) RuntimeGrid:None EditorOnly:false RuntimeOnly:false HLODRelevant:true ListedInSceneOutliner:true IsMainWorldOnly:false
 |   |   |- [+] [ 21]
 |   |   |   |- Guid:D80B433642348108B79A62B56DDF2201 NativeClass:/Script/Landscape.LandscapeStreamingProxy Name:LandscapeStreamingProxy_0KZ0S8E1WTY5Y1GMTKJ3SBV6D_126_1_3_0 Label:LandscapeStreamingProxy_1_3_0 SpatiallyLoaded:true EditorBounds:IsValid=true, Min=(X=728.000 Y=2592.000 Z=50.000), Max=(X=1610.000 Y=3474.000 Z=375.781) RuntimeBounds:IsValid=true, Min=(X=728.000 Y=2592.000 Z=185.156), Max=(X=1610.000 Y=3474.000 Z=375.781) RuntimeGrid:None EditorOnly:false RuntimeOnly:false HLODRelevant:true ListedInSceneOutliner:true IsMainWorldOnly:false
 |   |   |- [+] [ 22]
 |   |   |   |- Guid:DF063F2648922C9FA9D4579A289F4834 NativeClass:/Script/Landscape.LandscapeStreamingProxy Name:LandscapeStreamingProxy_0KZ0S8E1WTY5Y1GMTKJ3SBV6D_126_0_1_0 Label:LandscapeStreamingProxy_0_1_0 SpatiallyLoaded:true EditorBounds:IsValid=true, Min=(X=-154.000 Y=828.000 Z=-50.000), Max=(X=728.000 Y=1710.000 Z=150.000) RuntimeBounds:IsValid=true, Min=(X=-154.000 Y=828.000 Z=-50.000), Max=(X=728.000 Y=1710.000 Z=150.000) RuntimeGrid:None EditorOnly:false RuntimeOnly:false HLODRelevant:true ListedInSceneOutliner:true IsMainWorldOnly:false
 |   |   |- [+] [ 23]
 |   |   |   |- Guid:E296DA56432F606F07AE25829AE04998 NativeClass:/Script/Landscape.LandscapeStreamingProxy Name:LandscapeStreamingProxy_0KZ0S8E1WTY5Y1GMTKJ3SBV6D_126_2_3_0 Label:LandscapeStreamingProxy_2_3_0 SpatiallyLoaded:true EditorBounds:IsValid=true, Min=(X=1610.000 Y=2592.000 Z=50.000), Max=(X=2492.000 Y=3474.000 Z=442.969) RuntimeBounds:IsValid=true, Min=(X=1610.000 Y=2592.000 Z=188.281), Max=(X=2492.000 Y=3474.000 Z=442.969) RuntimeGrid:None EditorOnly:false RuntimeOnly:false HLODRelevant:true ListedInSceneOutliner:true IsMainWorldOnly:false
 |   |   |- [+] [ 24]
 |   |   |   |- Guid:EC4E0C944CE6AC6E784BC6BB2916EA13 NativeClass:/Script/Engine.StaticMeshActor Name:StaticMeshActor_UAID_A4AE111137DC5EFB00_1110535423 Label:SM_SkySphere SpatiallyLoaded:false EditorBounds:IsValid=true, Min=(X=-1638400.000 Y=-1638400.000 Z=-1638400.000), Max=(X=1638400.000 Y=1638400.000 Z=1638400.000) RuntimeBounds:IsValid=true, Min=(X=-1638400.000 Y=-1638400.000 Z=-1638400.000), Max=(X=1638400.000 Y=1638400.000 Z=1638400.000) RuntimeGrid:None EditorOnly:false RuntimeOnly:false HLODRelevant:true ListedInSceneOutliner:true IsMainWorldOnly:false FolderPath:Lighting FolderGuid:963EC3EB4002CCE9759E2EBA541A873A
 |   |   |- [+] [ 25]
 |   |   |   |- Guid:EECC7ED444332515725D1BAF315FA0CE NativeClass:/Script/Landscape.LandscapeStreamingProxy Name:LandscapeStreamingProxy_0KZ0S8E1WTY5Y1GMTKJ3SBV6D_126_1_0_0 Label:LandscapeStreamingProxy_1_0_0 SpatiallyLoaded:true EditorBounds:IsValid=true, Min=(X=728.000 Y=-54.000 Z=50.000), Max=(X=1610.000 Y=828.000 Z=275.781) RuntimeBounds:IsValid=true, Min=(X=728.000 Y=-54.000 Z=50.000), Max=(X=1610.000 Y=828.000 Z=275.781) RuntimeGrid:None EditorOnly:false RuntimeOnly:false HLODRelevant:true ListedInSceneOutliner:true IsMainWorldOnly:false
 |   |   |- [+] [ 26]
 |   |   |   |- Guid:F1924B8D48954B30891B2DB6A694F9CC NativeClass:/Script/Engine.StaticMeshActor Name:StaticMeshActor_1 Label:SM_Cube SpatiallyLoaded:true EditorBounds:IsValid=true, Min=(X=0.000 Y=0.000 Z=-50.000), Max=(X=3000.000 Y=3500.000 Z=0.000) RuntimeBounds:IsValid=true, Min=(X=0.000 Y=0.000 Z=-50.000), Max=(X=3000.000 Y=3500.000 Z=0.000) RuntimeGrid:None EditorOnly:false RuntimeOnly:false HLODRelevant:true ListedInSceneOutliner:true IsMainWorldOnly:false FolderPath:Playground FolderGuid:C73F09FC4215536B1DCE2A9E0A830C70
 |   |   |- [+] [ 27]
 |   |   |   |- Guid:F5E3FEB3450C49844FD93DA8E083C8AD NativeClass:/Script/Engine.PostProcessVolume Name:PostProcessVolume_0 Label:PostProcessVolume SpatiallyLoaded:false EditorBounds:IsValid=true, Min=(X=0.000 Y=0.000 Z=400.000), Max=(X=200.000 Y=200.000 Z=600.000) RuntimeBounds:IsValid=true, Min=(X=0.000 Y=0.000 Z=400.000), Max=(X=200.000 Y=200.000 Z=600.000) RuntimeGrid:None EditorOnly:false RuntimeOnly:false HLODRelevant:false ListedInSceneOutliner:true IsMainWorldOnly:false FolderPath:Lighting FolderGuid:963EC3EB4002CCE9759E2EBA541A873A
 |   |   |- [+] [ 28]
 |   |   |   |- Guid:FFD1C8184CF35C7A1D38ECA44B3A2DBB NativeClass:/Script/Landscape.LandscapeStreamingProxy Name:LandscapeStreamingProxy_0KZ0S8E1WTY5Y1GMTKJ3SBV6D_126_1_2_0 Label:LandscapeStreamingProxy_1_2_0 SpatiallyLoaded:true EditorBounds:IsValid=true, Min=(X=728.000 Y=1710.000 Z=50.000), Max=(X=1610.000 Y=2592.000 Z=246.875) RuntimeBounds:IsValid=true, Min=(X=728.000 Y=1710.000 Z=114.062), Max=(X=1610.000 Y=2592.000 Z=246.875) RuntimeGrid:None EditorOnly:false RuntimeOnly:false HLODRelevant:true ListedInSceneOutliner:true IsMainWorldOnly:false
 |- ContainerInstances:
 |- [+] MainContainer:
 |   |-        ID: 00000000000000000000000000000000
 |   |-  ParentID: 00000000000000000000000000000000
 |   |-    Bounds: IsValid=false, Min=(X=0.000 Y=0.000 Z=0.000), Max=(X=0.000 Y=0.000 Z=0.000)
 |   |- Transform: 0.000000,0.000000,0.000000|0.000000,0.000000,-0.000000|1.000000,1.000000,1.000000
 |   |- Container: /Game/ThirdPerson/Maps/ThirdPersonMap
----------------------------------------------------------------------------------------------------------------
ThirdPersonMap - Persistent Level
----------------------------------------------------------------------------------------------------------------
[+] Content of ThirdPersonMap Persistent Level
 |- Always loaded Actor Count: 29 
 |- Actor Path: /Game/ThirdPerson/Maps/ThirdPersonMap.ThirdPersonMap:PersistentLevel.DirectionalLight_0
 |- Actor Package: /Game/__ExternalActors__/ThirdPerson/Maps/ThirdPersonMap/5/R1/TS5OQ5CRUWFZYL1ZQ7I416
 |- Actor Path: /Game/ThirdPerson/Maps/ThirdPersonMap.ThirdPersonMap:PersistentLevel.ExponentialHeightFog_0
 |- Actor Package: /Game/__ExternalActors__/ThirdPerson/Maps/ThirdPersonMap/6/J7/N10XDC9G27EMLS5AGZ6AVV
 |- Actor Path: /Game/ThirdPerson/Maps/ThirdPersonMap.ThirdPersonMap:PersistentLevel.Landscape_UAID_BCFCE790043974C802_1636807112
 |- Actor Package: /Game/__ExternalActors__/ThirdPerson/Maps/ThirdPersonMap/E/42/YBYQF8KXPX17S308KHYZ32
 |- Actor Path: /Game/ThirdPerson/Maps/ThirdPersonMap.ThirdPersonMap:PersistentLevel.LandscapeStreamingProxy_0KZ0S8E1WTY5Y1GMTKJ3SBV6D_126_0_0_0
 |- Actor Package: /Game/__ExternalActors__/ThirdPerson/Maps/ThirdPersonMap/0/7W/D3NHA743QB2S5CFR2UPNAO
 |- Actor Path: /Game/ThirdPerson/Maps/ThirdPersonMap.ThirdPersonMap:PersistentLevel.LandscapeStreamingProxy_0KZ0S8E1WTY5Y1GMTKJ3SBV6D_126_0_1_0
 |- Actor Package: /Game/__ExternalActors__/ThirdPerson/Maps/ThirdPersonMap/B/PE/J99AW740MY6E3L6K3TVIKP
 |- Actor Path: /Game/ThirdPerson/Maps/ThirdPersonMap.ThirdPersonMap:PersistentLevel.LandscapeStreamingProxy_0KZ0S8E1WTY5Y1GMTKJ3SBV6D_126_0_2_0
 |- Actor Package: /Game/__ExternalActors__/ThirdPerson/Maps/ThirdPersonMap/0/8O/UAHV4O1SFP89R3OW2P0ZI4
 |- Actor Path: /Game/ThirdPerson/Maps/ThirdPersonMap.ThirdPersonMap:PersistentLevel.LandscapeStreamingProxy_0KZ0S8E1WTY5Y1GMTKJ3SBV6D_126_0_3_0
 |- Actor Package: /Game/__ExternalActors__/ThirdPerson/Maps/ThirdPersonMap/A/YN/8SX5CKMV1RLRPQT2WWJWPA
 |- Actor Path: /Game/ThirdPerson/Maps/ThirdPersonMap.ThirdPersonMap:PersistentLevel.LandscapeStreamingProxy_0KZ0S8E1WTY5Y1GMTKJ3SBV6D_126_1_0_0
 |- Actor Package: /Game/__ExternalActors__/ThirdPerson/Maps/ThirdPersonMap/5/LC/5CVNZ6VCSQ1CP5TK6BHKIF
 |- Actor Path: /Game/ThirdPerson/Maps/ThirdPersonMap.ThirdPersonMap:PersistentLevel.LandscapeStreamingProxy_0KZ0S8E1WTY5Y1GMTKJ3SBV6D_126_1_1_0
 |- Actor Package: /Game/__ExternalActors__/ThirdPerson/Maps/ThirdPersonMap/D/AP/Y04ZYDA6L1J936YSG8C9YI
 |- Actor Path: /Game/ThirdPerson/Maps/ThirdPersonMap.ThirdPersonMap:PersistentLevel.LandscapeStreamingProxy_0KZ0S8E1WTY5Y1GMTKJ3SBV6D_126_1_2_0
 |- Actor Package: /Game/__ExternalActors__/ThirdPerson/Maps/ThirdPersonMap/4/CM/F0I3T7KQSGMAPS4NVP6953
 |- Actor Path: /Game/ThirdPerson/Maps/ThirdPersonMap.ThirdPersonMap:PersistentLevel.LandscapeStreamingProxy_0KZ0S8E1WTY5Y1GMTKJ3SBV6D_126_1_3_0
 |- Actor Package: /Game/__ExternalActors__/ThirdPerson/Maps/ThirdPersonMap/A/BN/HDB952A2JM84BZS7UBVUGB
 |- Actor Path: /Game/ThirdPerson/Maps/ThirdPersonMap.ThirdPersonMap:PersistentLevel.LandscapeStreamingProxy_0KZ0S8E1WTY5Y1GMTKJ3SBV6D_126_2_0_0
 |- Actor Package: /Game/__ExternalActors__/ThirdPerson/Maps/ThirdPersonMap/2/DM/KBWA9L9WZ2QSEV4EMZ3NJ7
 |- Actor Path: /Game/ThirdPerson/Maps/ThirdPersonMap.ThirdPersonMap:PersistentLevel.LandscapeStreamingProxy_0KZ0S8E1WTY5Y1GMTKJ3SBV6D_126_2_1_0
 |- Actor Package: /Game/__ExternalActors__/ThirdPerson/Maps/ThirdPersonMap/2/ZI/7V7QC1B8QIAP3Q7J1HLI1O
 |- Actor Path: /Game/ThirdPerson/Maps/ThirdPersonMap.ThirdPersonMap:PersistentLevel.LandscapeStreamingProxy_0KZ0S8E1WTY5Y1GMTKJ3SBV6D_126_2_2_0
 |- Actor Package: /Game/__ExternalActors__/ThirdPerson/Maps/ThirdPersonMap/7/LX/10YL267M1EPHJUOTTFP9FM
 |- Actor Path: /Game/ThirdPerson/Maps/ThirdPersonMap.ThirdPersonMap:PersistentLevel.LandscapeStreamingProxy_0KZ0S8E1WTY5Y1GMTKJ3SBV6D_126_2_3_0
 |- Actor Package: /Game/__ExternalActors__/ThirdPerson/Maps/ThirdPersonMap/5/LI/8QXR83TCW902AT5OCEJI4J
 |- Actor Path: /Game/ThirdPerson/Maps/ThirdPersonMap.ThirdPersonMap:PersistentLevel.LandscapeStreamingProxy_0KZ0S8E1WTY5Y1GMTKJ3SBV6D_126_3_0_0
 |- Actor Package: /Game/__ExternalActors__/ThirdPerson/Maps/ThirdPersonMap/4/U0/E6SG1NUNF4WDHUDI7LEF8S
 |- Actor Path: /Game/ThirdPerson/Maps/ThirdPersonMap.ThirdPersonMap:PersistentLevel.LandscapeStreamingProxy_0KZ0S8E1WTY5Y1GMTKJ3SBV6D_126_3_1_0
 |- Actor Package: /Game/__ExternalActors__/ThirdPerson/Maps/ThirdPersonMap/0/15/HNP1O7QK91FKS746MX4OHL
 |- Actor Path: /Game/ThirdPerson/Maps/ThirdPersonMap.ThirdPersonMap:PersistentLevel.LandscapeStreamingProxy_0KZ0S8E1WTY5Y1GMTKJ3SBV6D_126_3_2_0
 |- Actor Package: /Game/__ExternalActors__/ThirdPerson/Maps/ThirdPersonMap/A/40/X7RI8LYX22MOU5M1A0IEUG
 |- Actor Path: /Game/ThirdPerson/Maps/ThirdPersonMap.ThirdPersonMap:PersistentLevel.LandscapeStreamingProxy_0KZ0S8E1WTY5Y1GMTKJ3SBV6D_126_3_3_0
 |- Actor Package: /Game/__ExternalActors__/ThirdPerson/Maps/ThirdPersonMap/5/6D/X50TEBJKM8H62M6CWH32O0
 |- Actor Path: /Game/ThirdPerson/Maps/ThirdPersonMap.ThirdPersonMap:PersistentLevel.PlayerStart_0
 |- Actor Package: /Game/__ExternalActors__/ThirdPerson/Maps/ThirdPersonMap/D/DE/SWSI13675DVYIZ0N4NF7Y3
 |- Actor Path: /Game/ThirdPerson/Maps/ThirdPersonMap.ThirdPersonMap:PersistentLevel.PostProcessVolume_0
 |- Actor Package: /Game/__ExternalActors__/ThirdPerson/Maps/ThirdPersonMap/1/AZ/A7GPT109Y6ZTTJD4A7TXER
 |- Actor Path: /Game/ThirdPerson/Maps/ThirdPersonMap.ThirdPersonMap:PersistentLevel.SkyAtmosphere_0
 |- Actor Package: /Game/__ExternalActors__/ThirdPerson/Maps/ThirdPersonMap/4/LN/30UBDLYFFA5ZR7U4W4L4GG
 |- Actor Path: /Game/ThirdPerson/Maps/ThirdPersonMap.ThirdPersonMap:PersistentLevel.SkyLight_1
 |- Actor Package: /Game/__ExternalActors__/ThirdPerson/Maps/ThirdPersonMap/8/S1/DXUWD12MD3HRWVVXX076BY
 |- Actor Path: /Game/ThirdPerson/Maps/ThirdPersonMap.ThirdPersonMap:PersistentLevel.StaticMeshActor_1
 |- Actor Package: /Game/__ExternalActors__/ThirdPerson/Maps/ThirdPersonMap/6/YO/NG2R9BPZVA7ZDN0Z4VSTG6
 |- Actor Path: /Game/ThirdPerson/Maps/ThirdPersonMap.ThirdPersonMap:PersistentLevel.StaticMeshActor_UAID_A4AE111137DC5EFB00_1110535423
 |- Actor Package: /Game/__ExternalActors__/ThirdPerson/Maps/ThirdPersonMap/4/PN/2QISIGK5DJNQ05US8O8FXW
 |- Actor Path: /Game/ThirdPerson/Maps/ThirdPersonMap.ThirdPersonMap:PersistentLevel.StaticMeshActor_UAID_BCFCE790043977C802_2024348641
 |- Actor Package: /Game/__ExternalActors__/ThirdPerson/Maps/ThirdPersonMap/4/KQ/IU1OUCC3AX7NGT3W4U493K
 |- Actor Path: /Game/ThirdPerson/Maps/ThirdPersonMap.ThirdPersonMap:PersistentLevel.StaticMeshActor_UAID_BCFCE790043978C802_2073825818
 |- Actor Package: /Game/__ExternalActors__/ThirdPerson/Maps/ThirdPersonMap/D/3F/R45YD5M5JK75LGVQXWSDFY
 |- Actor Path: /Game/ThirdPerson/Maps/ThirdPersonMap.ThirdPersonMap:PersistentLevel.VolumetricCloud_0
 |- Actor Package: /Game/__ExternalActors__/ThirdPerson/Maps/ThirdPersonMap/3/EY/87SHEJN5UBEAN2K5OV1G6R
 |- Actor Path: /Game/ThirdPerson/Maps/ThirdPersonMap.ThirdPersonMap:PersistentLevel.WorldDataLayers
 |- Actor Package: /Game/__ExternalActors__/ThirdPerson/Maps/ThirdPersonMap/0/43/HYQWORMY4JDQ5X3OKZXFLC

----------------------------------------------------------------------------------------------------------------
ThirdPersonMap - Runtime Hash Set
----------------------------------------------------------------------------------------------------------------

